<?xml version="1.0" encoding="UTF-8"?>
<!-- Generated by org.testng.reporters.JUnitReportReporter -->
<testsuite hostname="E0798042" failures="0" tests="1" name="testcass.TC001_LoginSuccseefully" time="1.587" errors="0" timestamp="2024-09-29T14:11:54 EEST" skipped="0">
  <testcase classname="testcass.TC001_LoginSuccseefully" name="LoginSuccess" time="1.587"/>
</testsuite> <!-- testcass.TC001_LoginSuccseefully -->
