<?xml version="1.0" encoding="UTF-8"?>
<!-- Generated by org.testng.reporters.JUnitReportReporter -->
<testsuite hostname="E0798042" failures="0" tests="1" name="testcass.TC002_LoginUNSuccsessfully" time="0.366" errors="0" timestamp="2024-09-29T14:11:54 EEST" skipped="0">
  <testcase classname="testcass.TC002_LoginUNSuccsessfully" name="VerifyLoginSuccess" time="0.366"/>
</testsuite> <!-- testcass.TC002_LoginUNSuccsessfully -->
